Model load time = 6.635354
sentence = 'i t <sp> i s <sp> n o t <sp> s u r p r i s i n g'
p( i | <s> ...) = 0.093299 [ -1.030124 ]
prediction time = 0.446073
p( t | i ...) = 0.086632 [ -1.062320 ]
prediction time = 0.924026
p( _ | t ...) = 0.394479 [ -0.403977 ]
prediction time = 3.364001
p( i | _ ...) = 0.299057 [ -0.524246 ]
prediction time = 0.648082
p( s | i ...) = 0.946755 [ -0.023762 ]
prediction time = 2.028207
p( _ | s ...) = 0.980201 [ -0.008685 ]
prediction time = 6.866993
p( n | _ ...) = 0.132372 [ -0.878205 ]
prediction time = 0.735616
p( o | n ...) = 0.838417 [ -0.076540 ]
prediction time = 2.136540
p( t | o ...) = 0.838285 [ -0.076608 ]
prediction time = 7.300742
p( _ | t ...) = 0.963505 [ -0.016146 ]
prediction time = 23.204372
p( s | _ ...) = 0.072890 [ -1.137335 ]
prediction time = 0.688017
p( u | s ...) = 0.377944 [ -0.422573 ]
prediction time = 1.876153
p( r | u ...) = 0.148816 [ -0.827350 ]
prediction time = 6.936521
p( p | r ...) = 0.880500 [ -0.055271 ]
prediction time = 23.598606
p( r | p ...) = 0.994169 [ -0.002540 ]
prediction time = 58.292762
p( i | r ...) = 0.999431 [ -0.000247 ]
prediction time = 195.038418
p( s | i ...) = 0.997987 [ -0.000875 ]
prediction time = 362.546973
